<?xml version="1.0" encoding="UTF-8"?>
<!-- Generated by org.testng.reporters.JUnitReportReporter -->
<testsuite hostname="neod-prachi" name="Test1234" tests="1" failures="0" timestamp="28 Dec 2015 10:11:24 GMT" time="0.015" errors="0">
  <testcase name="open" time="0.015" classname="Test1234"/>
</testsuite>
