<?xml version="1.0" encoding="UTF-8"?>
<!-- Generated by org.testng.reporters.JUnitReportReporter -->
<testsuite hostname="neod-prachi" name="SampleAnt" tests="1" failures="0" timestamp="28 Dec 2015 08:07:36 GMT" time="0.000" errors="0">
  <testcase name="print" time="0.000" classname="SampleAnt"/>
</testsuite>
