<?xml version="1.0" encoding="UTF-8"?>
<!-- Generated by org.testng.reporters.JUnitReportReporter -->
<testsuite hostname="NeoD-mrathod" name="homepage.NewTest" tests="1" failures="0" timestamp="31 Dec 2015 05:43:03 GMT" time="0.000" errors="0">
  <testcase name="f" time="0.000" classname="homepage.NewTest"/>
</testsuite> <!-- homepage.NewTest -->
