<?xml version="1.0" encoding="UTF-8"?>
<!-- Generated by org.testng.reporters.JUnitReportReporter -->
<testsuite hostname="NeoD-mrathod" name="homepage.NewTest1" tests="1" failures="0" timestamp="2 Jan 2016 06:35:27 GMT" time="8.765" errors="0">
  <testcase name="f" time="8.765" classname="homepage.NewTest1"/>
</testsuite> <!-- homepage.NewTest1 -->
