<?xml version="1.0" encoding="UTF-8"?>
<!-- Generated by org.testng.reporters.JUnitReportReporter -->
<testsuite hostname="NeoD-mrathod" name="homepage.NewTest1" tests="1" failures="0" timestamp="30 Dec 2015 14:15:19 GMT" time="11.038" errors="0">
  <testcase name="f" time="11.038" classname="homepage.NewTest1"/>
</testsuite> <!-- homepage.NewTest1 -->
