<?xml version="1.0" encoding="UTF-8"?>
<!-- Generated by org.testng.reporters.JUnitReportReporter -->
<testsuite hostname="NeoD-mrathod" name="homepage.NewTest1" tests="1" failures="0" timestamp="2 Jan 2016 11:26:13 GMT" time="7.925" errors="0">
  <testcase name="f" time="7.925" classname="homepage.NewTest1"/>
</testsuite> <!-- homepage.NewTest1 -->
