<?xml version="1.0" encoding="UTF-8"?>
<!-- Generated by org.testng.reporters.JUnitReportReporter -->
<testsuite hostname="NeoD-mrathod" name="homepage.NewTest1" tests="1" failures="0" timestamp="4 Jan 2016 09:20:22 GMT" time="27.902" errors="0">
  <testcase name="f" time="27.902" classname="homepage.NewTest1"/>
</testsuite> <!-- homepage.NewTest1 -->
