<?xml version="1.0" encoding="UTF-8"?>
<!-- Generated by org.testng.reporters.JUnitReportReporter -->
<testsuite hostname="NeoD-mrathod" name="homepage.NewTest" tests="1" failures="0" timestamp="30 Dec 2015 14:15:19 GMT" time="0.001" errors="0">
  <testcase name="f" time="0.001" classname="homepage.NewTest"/>
</testsuite> <!-- homepage.NewTest -->
