<?xml version="1.0" encoding="UTF-8"?>
<!-- Generated by org.testng.reporters.JUnitReportReporter -->
<testsuite hostname="NeoD-mrathod" name="homepage.NewTest" tests="1" failures="0" timestamp="2 Jan 2016 10:34:28 GMT" time="0.026" errors="0">
  <testcase name="f" time="0.026" classname="homepage.NewTest"/>
</testsuite> <!-- homepage.NewTest -->
