<?xml version="1.0" encoding="UTF-8"?>
<!-- Generated by org.testng.reporters.JUnitReportReporter -->
<testsuite hostname="NeoD-mrathod" name="homepage.NewTest2" tests="1" failures="0" timestamp="3 Jan 2016 07:10:54 GMT" time="15.540" errors="0">
  <testcase name="f" time="15.540" classname="homepage.NewTest2"/>
</testsuite> <!-- homepage.NewTest2 -->
