<?xml version="1.0" encoding="UTF-8"?>
<!-- Generated by org.testng.reporters.JUnitReportReporter -->
<testsuite hostname="neod-prachi" name="Test2" tests="1" failures="0" timestamp="23 Dec 2015 12:38:41 GMT" time="36.046" errors="0">
  <testcase name="open" time="36.046" classname="Test2"/>
</testsuite>
